# JRE version: OpenJDK Runtime Environment Temurin-17.0.13+11 (17.0.13+11) (build 17.0.13+11)
# Java VM: OpenJDK 64-Bit Server VM Temurin-17.0.13+11 (17.0.13+11, mixed mode, tiered, compressed oops, compressed class ptrs, parallel gc, windows-amd64)
GC Precious Log:
 CPUs: 8 total, 8 available
 Memory: 7967M
 Large Page Support: Disabled
 NUMA Support: Disabled
 Compressed Oops: Enabled (32-bit)
 Alignments: Space 512K, Generation 512K, Heap 2M
 Heap Min Capacity: 100M
 Heap Initial Capacity: 100M
 Heap Max Capacity: 1G
 Pre-touch: Disabled
 Parallel Workers: 8
Heap:
 PSYoungGen      total 17920K, used 10810K [0x00000000eab00000, 0x00000000ec800000, 0x0000000100000000)
  eden space 12288K, 42% used [0x00000000eab00000,0x00000000eb00eab0,0x00000000eb700000)
  from space 5632K, 99% used [0x00000000ebe80000,0x00000000ec3fff88,0x00000000ec400000)
  to   space 7680K, 0% used [0x00000000eb700000,0x00000000eb700000,0x00000000ebe80000)
 ParOldGen       total 153088K, used 137658K [0x00000000c0000000, 0x00000000c9580000, 0x00000000eab00000)
  object space 153088K, 89% used [0x00000000c0000000,0x00000000c866e8e8,0x00000000c9580000)
 Metaspace       used 68188K, committed 69440K, reserved 1114112K
  class space    used 7035K, committed 7552K, reserved 1048576K
GC Heap History (20 events):
Event: 84.340 GC heap before
{Heap before GC invocations=60 (full 6):
 PSYoungGen      total 22016K, used 21565K [0x00000000eab00000, 0x00000000ec900000, 0x0000000100000000)
  eden space 17408K, 100% used [0x00000000eab00000,0x00000000ebc00000,0x00000000ebc00000)
  from space 4608K, 90% used [0x00000000ec480000,0x00000000ec88f638,0x00000000ec900000)
  to   space 5632K, 0% used [0x00000000ebe00000,0x00000000ebe00000,0x00000000ec380000)
 ParOldGen       total 127488K, used 126363K [0x00000000c0000000, 0x00000000c7c80000, 0x00000000eab00000)
  object space 127488K, 99% used [0x00000000c0000000,0x00000000c7b66e50,0x00000000c7c80000)
 Metaspace       used 65585K, committed 66624K, reserved 1114112K
  class space    used 6764K, committed 7232K, reserved 1048576K
}
Event: 84.488 GC heap after
{Heap after GC invocations=60 (full 6):
 PSYoungGen      total 17920K, used 0K [0x00000000eab00000, 0x00000000ec700000, 0x0000000100000000)
  eden space 17408K, 0% used [0x00000000eab00000,0x00000000eab00000,0x00000000ebc00000)
  from space 512K, 0% used [0x00000000ebe00000,0x00000000ebe00000,0x00000000ebe80000)
  to   space 5632K, 0% used [0x00000000ec180000,0x00000000ec180000,0x00000000ec700000)
 ParOldGen       total 153088K, used 122084K [0x00000000c0000000, 0x00000000c9580000, 0x00000000eab00000)
  object space 153088K, 79% used [0x00000000c0000000,0x00000000c7739370,0x00000000c9580000)
 Metaspace       used 65585K, committed 66624K, reserved 1114112K
  class space    used 6764K, committed 7232K, reserved 1048576K
}
Event: 84.812 GC heap before
{Heap before GC invocations=61 (full 6):
 PSYoungGen      total 17920K, used 17408K [0x00000000eab00000, 0x00000000ec700000, 0x0000000100000000)
  eden space 17408K, 100% used [0x00000000eab00000,0x00000000ebc00000,0x00000000ebc00000)
  from space 512K, 0% used [0x00000000ebe00000,0x00000000ebe00000,0x00000000ebe80000)
  to   space 5632K, 0% used [0x00000000ec180000,0x00000000ec180000,0x00000000ec700000)
 ParOldGen       total 153088K, used 122084K [0x00000000c0000000, 0x00000000c9580000, 0x00000000eab00000)
  object space 153088K, 79% used [0x00000000c0000000,0x00000000c7739370,0x00000000c9580000)
 Metaspace       used 65911K, committed 66944K, reserved 1114112K
  class space    used 6792K, committed 7232K, reserved 1048576K
}
Event: 84.815 GC heap after
{Heap after GC invocations=61 (full 6):
 PSYoungGen      total 20992K, used 3518K [0x00000000eab00000, 0x00000000ec500000, 0x0000000100000000)
  eden space 17408K, 0% used [0x00000000eab00000,0x00000000eab00000,0x00000000ebc00000)
  from space 3584K, 98% used [0x00000000ec180000,0x00000000ec4ef940,0x00000000ec500000)
  to   space 4096K, 0% used [0x00000000ebd00000,0x00000000ebd00000,0x00000000ec100000)
 ParOldGen       total 153088K, used 122092K [0x00000000c0000000, 0x00000000c9580000, 0x00000000eab00000)
  object space 153088K, 79% used [0x00000000c0000000,0x00000000c773b370,0x00000000c9580000)
 Metaspace       used 65911K, committed 66944K, reserved 1114112K
  class space    used 6792K, committed 7232K, reserved 1048576K
}
Event: 85.025 GC heap before
{Heap before GC invocations=62 (full 6):
 PSYoungGen      total 20992K, used 20925K [0x00000000eab00000, 0x00000000ec500000, 0x0000000100000000)
  eden space 17408K, 99% used [0x00000000eab00000,0x00000000ebbffd98,0x00000000ebc00000)
  from space 3584K, 98% used [0x00000000ec180000,0x00000000ec4ef940,0x00000000ec500000)
  to   space 4096K, 0% used [0x00000000ebd00000,0x00000000ebd00000,0x00000000ec100000)
 ParOldGen       total 153088K, used 122092K [0x00000000c0000000, 0x00000000c9580000, 0x00000000eab00000)
  object space 153088K, 79% used [0x00000000c0000000,0x00000000c773b370,0x00000000c9580000)
 Metaspace       used 66564K, committed 67648K, reserved 1114112K
  class space    used 6871K, committed 7360K, reserved 1048576K
}
Event: 85.031 GC heap after
{Heap after GC invocations=62 (full 6):
 PSYoungGen      total 21504K, used 4078K [0x00000000eab00000, 0x00000000ec900000, 0x0000000100000000)
  eden space 17408K, 0% used [0x00000000eab00000,0x00000000eab00000,0x00000000ebc00000)
  from space 4096K, 99% used [0x00000000ebd00000,0x00000000ec0fbb20,0x00000000ec100000)
  to   space 6656K, 0% used [0x00000000ec280000,0x00000000ec280000,0x00000000ec900000)
 ParOldGen       total 153088K, used 123765K [0x00000000c0000000, 0x00000000c9580000, 0x00000000eab00000)
  object space 153088K, 80% used [0x00000000c0000000,0x00000000c78dd4a0,0x00000000c9580000)
 Metaspace       used 66564K, committed 67648K, reserved 1114112K
  class space    used 6871K, committed 7360K, reserved 1048576K
}
Event: 85.273 GC heap before
{Heap before GC invocations=63 (full 6):
 PSYoungGen      total 21504K, used 21479K [0x00000000eab00000, 0x00000000ec900000, 0x0000000100000000)
  eden space 17408K, 99% used [0x00000000eab00000,0x00000000ebbfe458,0x00000000ebc00000)
  from space 4096K, 99% used [0x00000000ebd00000,0x00000000ec0fbb20,0x00000000ec100000)
  to   space 6656K, 0% used [0x00000000ec280000,0x00000000ec280000,0x00000000ec900000)
 ParOldGen       total 153088K, used 123765K [0x00000000c0000000, 0x00000000c9580000, 0x00000000eab00000)
  object space 153088K, 80% used [0x00000000c0000000,0x00000000c78dd4a0,0x00000000c9580000)
 Metaspace       used 66823K, committed 67968K, reserved 1114112K
  class space    used 6912K, committed 7424K, reserved 1048576K
}
Event: 85.284 GC heap after
{Heap after GC invocations=63 (full 6):
 PSYoungGen      total 20992K, used 3414K [0x00000000eab00000, 0x00000000ec600000, 0x0000000100000000)
  eden space 17408K, 0% used [0x00000000eab00000,0x00000000eab00000,0x00000000ebc00000)
  from space 3584K, 95% used [0x00000000ec280000,0x00000000ec5d5bc8,0x00000000ec600000)
  to   space 4608K, 0% used [0x00000000ebd00000,0x00000000ebd00000,0x00000000ec180000)
 ParOldGen       total 153088K, used 126018K [0x00000000c0000000, 0x00000000c9580000, 0x00000000eab00000)
  object space 153088K, 82% used [0x00000000c0000000,0x00000000c7b108d8,0x00000000c9580000)
 Metaspace       used 66823K, committed 67968K, reserved 1114112K
  class space    used 6912K, committed 7424K, reserved 1048576K
}
Event: 85.394 GC heap before
{Heap before GC invocations=64 (full 6):
 PSYoungGen      total 20992K, used 20822K [0x00000000eab00000, 0x00000000ec600000, 0x0000000100000000)
  eden space 17408K, 100% used [0x00000000eab00000,0x00000000ebc00000,0x00000000ebc00000)
  from space 3584K, 95% used [0x00000000ec280000,0x00000000ec5d5bc8,0x00000000ec600000)
  to   space 4608K, 0% used [0x00000000ebd00000,0x00000000ebd00000,0x00000000ec180000)
 ParOldGen       total 153088K, used 126018K [0x00000000c0000000, 0x00000000c9580000, 0x00000000eab00000)
  object space 153088K, 82% used [0x00000000c0000000,0x00000000c7b108d8,0x00000000c9580000)
 Metaspace       used 66836K, committed 67968K, reserved 1114112K
  class space    used 6914K, committed 7424K, reserved 1048576K
}
Event: 85.410 GC heap after
{Heap after GC invocations=64 (full 6):
 PSYoungGen      total 22016K, used 4598K [0x00000000eab00000, 0x00000000ec700000, 0x0000000100000000)
  eden space 17408K, 0% used [0x00000000eab00000,0x00000000eab00000,0x00000000ebc00000)
  from space 4608K, 99% used [0x00000000ebd00000,0x00000000ec17daf0,0x00000000ec180000)
  to   space 5632K, 0% used [0x00000000ec180000,0x00000000ec180000,0x00000000ec700000)
 ParOldGen       total 153088K, used 126383K [0x00000000c0000000, 0x00000000c9580000, 0x00000000eab00000)
  object space 153088K, 82% used [0x00000000c0000000,0x00000000c7b6bc38,0x00000000c9580000)
 Metaspace       used 66836K, committed 67968K, reserved 1114112K
  class space    used 6914K, committed 7424K, reserved 1048576K
}
Event: 85.477 GC heap before
{Heap before GC invocations=65 (full 6):
 PSYoungGen      total 22016K, used 22006K [0x00000000eab00000, 0x00000000ec700000, 0x0000000100000000)
  eden space 17408K, 100% used [0x00000000eab00000,0x00000000ebc00000,0x00000000ebc00000)
  from space 4608K, 99% used [0x00000000ebd00000,0x00000000ec17daf0,0x00000000ec180000)
  to   space 5632K, 0% used [0x00000000ec180000,0x00000000ec180000,0x00000000ec700000)
 ParOldGen       total 153088K, used 126383K [0x00000000c0000000, 0x00000000c9580000, 0x00000000eab00000)
  object space 153088K, 82% used [0x00000000c0000000,0x00000000c7b6bc38,0x00000000c9580000)
 Metaspace       used 66916K, committed 68032K, reserved 1114112K
  class space    used 6914K, committed 7424K, reserved 1048576K
}
Event: 85.485 GC heap after
{Heap after GC invocations=65 (full 6):
 PSYoungGen      total 20992K, used 3488K [0x00000000eab00000, 0x00000000ec500000, 0x0000000100000000)
  eden space 17408K, 0% used [0x00000000eab00000,0x00000000eab00000,0x00000000ebc00000)
  from space 3584K, 97% used [0x00000000ec180000,0x00000000ec4e8010,0x00000000ec500000)
  to   space 4096K, 0% used [0x00000000ebd00000,0x00000000ebd00000,0x00000000ec100000)
 ParOldGen       total 153088K, used 129327K [0x00000000c0000000, 0x00000000c9580000, 0x00000000eab00000)
  object space 153088K, 84% used [0x00000000c0000000,0x00000000c7e4bd48,0x00000000c9580000)
 Metaspace       used 66916K, committed 68032K, reserved 1114112K
  class space    used 6914K, committed 7424K, reserved 1048576K
}
Event: 85.664 GC heap before
{Heap before GC invocations=66 (full 6):
 PSYoungGen      total 20992K, used 20896K [0x00000000eab00000, 0x00000000ec500000, 0x0000000100000000)
  eden space 17408K, 100% used [0x00000000eab00000,0x00000000ebc00000,0x00000000ebc00000)
  from space 3584K, 97% used [0x00000000ec180000,0x00000000ec4e8010,0x00000000ec500000)
  to   space 4096K, 0% used [0x00000000ebd00000,0x00000000ebd00000,0x00000000ec100000)
 ParOldGen       total 153088K, used 129327K [0x00000000c0000000, 0x00000000c9580000, 0x00000000eab00000)
  object space 153088K, 84% used [0x00000000c0000000,0x00000000c7e4bd48,0x00000000c9580000)
 Metaspace       used 67170K, committed 68224K, reserved 1114112K
  class space    used 6937K, committed 7424K, reserved 1048576K
}
Event: 85.672 GC heap after
{Heap after GC invocations=66 (full 6):
 PSYoungGen      total 20992K, used 3199K [0x00000000eab00000, 0x00000000ec300000, 0x0000000100000000)
  eden space 17408K, 0% used [0x00000000eab00000,0x00000000eab00000,0x00000000ebc00000)
  from space 3584K, 89% used [0x00000000ebd00000,0x00000000ec01fe28,0x00000000ec080000)
  to   space 2560K, 0% used [0x00000000ec080000,0x00000000ec080000,0x00000000ec300000)
 ParOldGen       total 153088K, used 130967K [0x00000000c0000000, 0x00000000c9580000, 0x00000000eab00000)
  object space 153088K, 85% used [0x00000000c0000000,0x00000000c7fe5d48,0x00000000c9580000)
 Metaspace       used 67170K, committed 68224K, reserved 1114112K
  class space    used 6937K, committed 7424K, reserved 1048576K
}
Event: 85.975 GC heap before
{Heap before GC invocations=67 (full 6):
 PSYoungGen      total 20992K, used 20607K [0x00000000eab00000, 0x00000000ec300000, 0x0000000100000000)
  eden space 17408K, 100% used [0x00000000eab00000,0x00000000ebc00000,0x00000000ebc00000)
  from space 3584K, 89% used [0x00000000ebd00000,0x00000000ec01fe28,0x00000000ec080000)
  to   space 2560K, 0% used [0x00000000ec080000,0x00000000ec080000,0x00000000ec300000)
 ParOldGen       total 153088K, used 130967K [0x00000000c0000000, 0x00000000c9580000, 0x00000000eab00000)
  object space 153088K, 85% used [0x00000000c0000000,0x00000000c7fe5d48,0x00000000c9580000)
 Metaspace       used 67447K, committed 68608K, reserved 1114112K
  class space    used 6967K, committed 7488K, reserved 1048576K
}
Event: 85.986 GC heap after
{Heap after GC invocations=67 (full 6):
 PSYoungGen      total 16896K, used 2544K [0x00000000eab00000, 0x00000000ecb00000, 0x0000000100000000)
  eden space 14336K, 0% used [0x00000000eab00000,0x00000000eab00000,0x00000000eb900000)
  from space 2560K, 99% used [0x00000000ec080000,0x00000000ec2fc350,0x00000000ec300000)
  to   space 7680K, 0% used [0x00000000eb900000,0x00000000eb900000,0x00000000ec080000)
 ParOldGen       total 153088K, used 135285K [0x00000000c0000000, 0x00000000c9580000, 0x00000000eab00000)
  object space 153088K, 88% used [0x00000000c0000000,0x00000000c841d648,0x00000000c9580000)
 Metaspace       used 67447K, committed 68608K, reserved 1114112K
  class space    used 6967K, committed 7488K, reserved 1048576K
}
Event: 86.159 GC heap before
{Heap before GC invocations=68 (full 6):
 PSYoungGen      total 16896K, used 16880K [0x00000000eab00000, 0x00000000ecb00000, 0x0000000100000000)
  eden space 14336K, 100% used [0x00000000eab00000,0x00000000eb900000,0x00000000eb900000)
  from space 2560K, 99% used [0x00000000ec080000,0x00000000ec2fc350,0x00000000ec300000)
  to   space 7680K, 0% used [0x00000000eb900000,0x00000000eb900000,0x00000000ec080000)
 ParOldGen       total 153088K, used 135285K [0x00000000c0000000, 0x00000000c9580000, 0x00000000eab00000)
  object space 153088K, 88% used [0x00000000c0000000,0x00000000c841d648,0x00000000c9580000)
 Metaspace       used 67512K, committed 68672K, reserved 1114112K
  class space    used 6968K, committed 7488K, reserved 1048576K
}
Event: 86.169 GC heap after
{Heap after GC invocations=68 (full 6):
 PSYoungGen      total 18944K, used 4508K [0x00000000eab00000, 0x00000000ec400000, 0x0000000100000000)
  eden space 14336K, 0% used [0x00000000eab00000,0x00000000eab00000,0x00000000eb900000)
  from space 4608K, 97% used [0x00000000eb900000,0x00000000ebd67298,0x00000000ebd80000)
  to   space 5632K, 0% used [0x00000000ebe80000,0x00000000ebe80000,0x00000000ec400000)
 ParOldGen       total 153088K, used 136239K [0x00000000c0000000, 0x00000000c9580000, 0x00000000eab00000)
  object space 153088K, 88% used [0x00000000c0000000,0x00000000c850bcd0,0x00000000c9580000)
 Metaspace       used 67512K, committed 68672K, reserved 1114112K
  class space    used 6968K, committed 7488K, reserved 1048576K
}
Event: 86.527 GC heap before
{Heap before GC invocations=69 (full 6):
 PSYoungGen      total 18944K, used 18844K [0x00000000eab00000, 0x00000000ec400000, 0x0000000100000000)
  eden space 14336K, 100% used [0x00000000eab00000,0x00000000eb900000,0x00000000eb900000)
  from space 4608K, 97% used [0x00000000eb900000,0x00000000ebd67298,0x00000000ebd80000)
  to   space 5632K, 0% used [0x00000000ebe80000,0x00000000ebe80000,0x00000000ec400000)
 ParOldGen       total 153088K, used 136239K [0x00000000c0000000, 0x00000000c9580000, 0x00000000eab00000)
  object space 153088K, 88% used [0x00000000c0000000,0x00000000c850bcd0,0x00000000c9580000)
 Metaspace       used 67955K, committed 69056K, reserved 1114112K
  class space    used 7004K, committed 7488K, reserved 1048576K
}
Event: 86.538 GC heap after
{Heap after GC invocations=69 (full 6):
 PSYoungGen      total 17920K, used 5631K [0x00000000eab00000, 0x00000000ec800000, 0x0000000100000000)
  eden space 12288K, 0% used [0x00000000eab00000,0x00000000eab00000,0x00000000eb700000)
  from space 5632K, 99% used [0x00000000ebe80000,0x00000000ec3fff88,0x00000000ec400000)
  to   space 7680K, 0% used [0x00000000eb700000,0x00000000eb700000,0x00000000ebe80000)
 ParOldGen       total 153088K, used 137658K [0x00000000c0000000, 0x00000000c9580000, 0x00000000eab00000)
  object space 153088K, 89% used [0x00000000c0000000,0x00000000c866e8e8,0x00000000c9580000)
 Metaspace       used 67955K, committed 69056K, reserved 1114112K
  class space    used 7004K, committed 7488K, reserved 1048576K
}

