# JRE version: OpenJDK Runtime Environment Temurin-17.0.13+11 (17.0.13+11) (build 17.0.13+11)
# Java VM: OpenJDK 64-Bit Server VM Temurin-17.0.13+11 (17.0.13+11, mixed mode, tiered, compressed oops, compressed class ptrs, parallel gc, windows-amd64)
GC Precious Log:
 CPUs: 8 total, 8 available
 Memory: 7967M
 Large Page Support: Disabled
 NUMA Support: Disabled
 Compressed Oops: Enabled (32-bit)
 Alignments: Space 512K, Generation 512K, Heap 2M
 Heap Min Capacity: 100M
 Heap Initial Capacity: 100M
 Heap Max Capacity: 1G
 Pre-touch: Disabled
 Parallel Workers: 8
Heap:
 PSYoungGen      total 15872K, used 7942K [0x00000000eab00000, 0x00000000ec200000, 0x0000000100000000)
  eden space 13312K, 40% used [0x00000000eab00000,0x00000000eb044288,0x00000000eb800000)
  from space 2560K, 99% used [0x00000000eba00000,0x00000000ebc7d838,0x00000000ebc80000)
  to   space 5120K, 0% used [0x00000000ebd00000,0x00000000ebd00000,0x00000000ec200000)
 ParOldGen       total 68608K, used 41729K [0x00000000c0000000, 0x00000000c4300000, 0x00000000eab00000)
  object space 68608K, 60% used [0x00000000c0000000,0x00000000c28c04e8,0x00000000c4300000)
 Metaspace       used 51559K, committed 52416K, reserved 1114112K
  class space    used 5054K, committed 5376K, reserved 1048576K
GC Heap History (20 events):
Event: 14.592 GC heap before
{Heap before GC invocations=20 (full 2):
 PSYoungGen      total 22528K, used 22208K [0x00000000eab00000, 0x00000000ec380000, 0x0000000100000000)
  eden space 21504K, 100% used [0x00000000eab00000,0x00000000ec000000,0x00000000ec000000)
  from space 1024K, 68% used [0x00000000ec100000,0x00000000ec1b0020,0x00000000ec200000)
  to   space 1536K, 0% used [0x00000000ec200000,0x00000000ec200000,0x00000000ec380000)
 ParOldGen       total 68608K, used 25882K [0x00000000c0000000, 0x00000000c4300000, 0x00000000eab00000)
  object space 68608K, 37% used [0x00000000c0000000,0x00000000c1946a70,0x00000000c4300000)
 Metaspace       used 43820K, committed 44608K, reserved 1114112K
  class space    used 4418K, committed 4736K, reserved 1048576K
}
Event: 14.593 GC heap after
{Heap after GC invocations=20 (full 2):
 PSYoungGen      total 22528K, used 1509K [0x00000000eab00000, 0x00000000ec500000, 0x0000000100000000)
  eden space 20992K, 0% used [0x00000000eab00000,0x00000000eab00000,0x00000000ebf80000)
  from space 1536K, 98% used [0x00000000ec200000,0x00000000ec379758,0x00000000ec380000)
  to   space 2560K, 0% used [0x00000000ebf80000,0x00000000ebf80000,0x00000000ec200000)
 ParOldGen       total 68608K, used 26530K [0x00000000c0000000, 0x00000000c4300000, 0x00000000eab00000)
  object space 68608K, 38% used [0x00000000c0000000,0x00000000c19e8ab0,0x00000000c4300000)
 Metaspace       used 43820K, committed 44608K, reserved 1114112K
  class space    used 4418K, committed 4736K, reserved 1048576K
}
Event: 14.737 GC heap before
{Heap before GC invocations=21 (full 2):
 PSYoungGen      total 22528K, used 22346K [0x00000000eab00000, 0x00000000ec500000, 0x0000000100000000)
  eden space 20992K, 99% used [0x00000000eab00000,0x00000000ebf592a0,0x00000000ebf80000)
  from space 1536K, 98% used [0x00000000ec200000,0x00000000ec379758,0x00000000ec380000)
  to   space 2560K, 0% used [0x00000000ebf80000,0x00000000ebf80000,0x00000000ec200000)
 ParOldGen       total 68608K, used 26530K [0x00000000c0000000, 0x00000000c4300000, 0x00000000eab00000)
  object space 68608K, 38% used [0x00000000c0000000,0x00000000c19e8ab0,0x00000000c4300000)
 Metaspace       used 43858K, committed 44672K, reserved 1114112K
  class space    used 4420K, committed 4736K, reserved 1048576K
}
Event: 14.740 GC heap after
{Heap after GC invocations=21 (full 2):
 PSYoungGen      total 22016K, used 901K [0x00000000eab00000, 0x00000000ec280000, 0x0000000100000000)
  eden space 20992K, 0% used [0x00000000eab00000,0x00000000eab00000,0x00000000ebf80000)
  from space 1024K, 88% used [0x00000000ebf80000,0x00000000ec0614d8,0x00000000ec080000)
  to   space 1536K, 0% used [0x00000000ec100000,0x00000000ec100000,0x00000000ec280000)
 ParOldGen       total 68608K, used 27532K [0x00000000c0000000, 0x00000000c4300000, 0x00000000eab00000)
  object space 68608K, 40% used [0x00000000c0000000,0x00000000c1ae33e8,0x00000000c4300000)
 Metaspace       used 43858K, committed 44672K, reserved 1114112K
  class space    used 4420K, committed 4736K, reserved 1048576K
}
Event: 15.467 GC heap before
{Heap before GC invocations=22 (full 2):
 PSYoungGen      total 22016K, used 21893K [0x00000000eab00000, 0x00000000ec280000, 0x0000000100000000)
  eden space 20992K, 100% used [0x00000000eab00000,0x00000000ebf80000,0x00000000ebf80000)
  from space 1024K, 88% used [0x00000000ebf80000,0x00000000ec0614d8,0x00000000ec080000)
  to   space 1536K, 0% used [0x00000000ec100000,0x00000000ec100000,0x00000000ec280000)
 ParOldGen       total 68608K, used 27532K [0x00000000c0000000, 0x00000000c4300000, 0x00000000eab00000)
  object space 68608K, 40% used [0x00000000c0000000,0x00000000c1ae33e8,0x00000000c4300000)
 Metaspace       used 45881K, committed 46720K, reserved 1114112K
  class space    used 4612K, committed 4928K, reserved 1048576K
}
Event: 15.469 GC heap after
{Heap after GC invocations=22 (full 2):
 PSYoungGen      total 22016K, used 672K [0x00000000eab00000, 0x00000000ec200000, 0x0000000100000000)
  eden space 20992K, 0% used [0x00000000eab00000,0x00000000eab00000,0x00000000ebf80000)
  from space 1024K, 65% used [0x00000000ec100000,0x00000000ec1a8000,0x00000000ec200000)
  to   space 1024K, 0% used [0x00000000ebf80000,0x00000000ebf80000,0x00000000ec080000)
 ParOldGen       total 68608K, used 27580K [0x00000000c0000000, 0x00000000c4300000, 0x00000000eab00000)
  object space 68608K, 40% used [0x00000000c0000000,0x00000000c1aef3e8,0x00000000c4300000)
 Metaspace       used 45881K, committed 46720K, reserved 1114112K
  class space    used 4612K, committed 4928K, reserved 1048576K
}
Event: 16.465 GC heap before
{Heap before GC invocations=23 (full 2):
 PSYoungGen      total 22016K, used 21664K [0x00000000eab00000, 0x00000000ec200000, 0x0000000100000000)
  eden space 20992K, 100% used [0x00000000eab00000,0x00000000ebf80000,0x00000000ebf80000)
  from space 1024K, 65% used [0x00000000ec100000,0x00000000ec1a8000,0x00000000ec200000)
  to   space 1024K, 0% used [0x00000000ebf80000,0x00000000ebf80000,0x00000000ec080000)
 ParOldGen       total 68608K, used 27580K [0x00000000c0000000, 0x00000000c4300000, 0x00000000eab00000)
  object space 68608K, 40% used [0x00000000c0000000,0x00000000c1aef3e8,0x00000000c4300000)
 Metaspace       used 47319K, committed 48128K, reserved 1114112K
  class space    used 4753K, committed 5056K, reserved 1048576K
}
Event: 16.467 GC heap after
{Heap after GC invocations=23 (full 2):
 PSYoungGen      total 22016K, used 948K [0x00000000eab00000, 0x00000000ec180000, 0x0000000100000000)
  eden space 20992K, 0% used [0x00000000eab00000,0x00000000eab00000,0x00000000ebf80000)
  from space 1024K, 92% used [0x00000000ebf80000,0x00000000ec06d178,0x00000000ec080000)
  to   space 1024K, 0% used [0x00000000ec080000,0x00000000ec080000,0x00000000ec180000)
 ParOldGen       total 68608K, used 28101K [0x00000000c0000000, 0x00000000c4300000, 0x00000000eab00000)
  object space 68608K, 40% used [0x00000000c0000000,0x00000000c1b71478,0x00000000c4300000)
 Metaspace       used 47319K, committed 48128K, reserved 1114112K
  class space    used 4753K, committed 5056K, reserved 1048576K
}
Event: 16.575 GC heap before
{Heap before GC invocations=24 (full 2):
 PSYoungGen      total 22016K, used 21940K [0x00000000eab00000, 0x00000000ec180000, 0x0000000100000000)
  eden space 20992K, 100% used [0x00000000eab00000,0x00000000ebf80000,0x00000000ebf80000)
  from space 1024K, 92% used [0x00000000ebf80000,0x00000000ec06d178,0x00000000ec080000)
  to   space 1024K, 0% used [0x00000000ec080000,0x00000000ec080000,0x00000000ec180000)
 ParOldGen       total 68608K, used 28101K [0x00000000c0000000, 0x00000000c4300000, 0x00000000eab00000)
  object space 68608K, 40% used [0x00000000c0000000,0x00000000c1b71478,0x00000000c4300000)
 Metaspace       used 47572K, committed 48448K, reserved 1114112K
  class space    used 4770K, committed 5120K, reserved 1048576K
}
Event: 16.578 GC heap after
{Heap after GC invocations=24 (full 2):
 PSYoungGen      total 19456K, used 1012K [0x00000000eab00000, 0x00000000ec680000, 0x0000000100000000)
  eden space 18432K, 0% used [0x00000000eab00000,0x00000000eab00000,0x00000000ebd00000)
  from space 1024K, 98% used [0x00000000ec080000,0x00000000ec17d010,0x00000000ec180000)
  to   space 3584K, 0% used [0x00000000ebd00000,0x00000000ebd00000,0x00000000ec080000)
 ParOldGen       total 68608K, used 29989K [0x00000000c0000000, 0x00000000c4300000, 0x00000000eab00000)
  object space 68608K, 43% used [0x00000000c0000000,0x00000000c1d49438,0x00000000c4300000)
 Metaspace       used 47572K, committed 48448K, reserved 1114112K
  class space    used 4770K, committed 5120K, reserved 1048576K
}
Event: 16.882 GC heap before
{Heap before GC invocations=25 (full 2):
 PSYoungGen      total 19456K, used 19444K [0x00000000eab00000, 0x00000000ec680000, 0x0000000100000000)
  eden space 18432K, 99% used [0x00000000eab00000,0x00000000ebcffff0,0x00000000ebd00000)
  from space 1024K, 98% used [0x00000000ec080000,0x00000000ec17d010,0x00000000ec180000)
  to   space 3584K, 0% used [0x00000000ebd00000,0x00000000ebd00000,0x00000000ec080000)
 ParOldGen       total 68608K, used 29989K [0x00000000c0000000, 0x00000000c4300000, 0x00000000eab00000)
  object space 68608K, 43% used [0x00000000c0000000,0x00000000c1d49438,0x00000000c4300000)
 Metaspace       used 48398K, committed 49216K, reserved 1114112K
  class space    used 4862K, committed 5184K, reserved 1048576K
}
Event: 16.886 GC heap after
{Heap after GC invocations=25 (full 2):
 PSYoungGen      total 22016K, used 3351K [0x00000000eab00000, 0x00000000ec400000, 0x0000000100000000)
  eden space 18432K, 0% used [0x00000000eab00000,0x00000000eab00000,0x00000000ebd00000)
  from space 3584K, 93% used [0x00000000ebd00000,0x00000000ec045d08,0x00000000ec080000)
  to   space 3584K, 0% used [0x00000000ec080000,0x00000000ec080000,0x00000000ec400000)
 ParOldGen       total 68608K, used 30974K [0x00000000c0000000, 0x00000000c4300000, 0x00000000eab00000)
  object space 68608K, 45% used [0x00000000c0000000,0x00000000c1e3f9a8,0x00000000c4300000)
 Metaspace       used 48398K, committed 49216K, reserved 1114112K
  class space    used 4862K, committed 5184K, reserved 1048576K
}
Event: 17.184 GC heap before
{Heap before GC invocations=26 (full 2):
 PSYoungGen      total 22016K, used 21783K [0x00000000eab00000, 0x00000000ec400000, 0x0000000100000000)
  eden space 18432K, 99% used [0x00000000eab00000,0x00000000ebcfffd8,0x00000000ebd00000)
  from space 3584K, 93% used [0x00000000ebd00000,0x00000000ec045d08,0x00000000ec080000)
  to   space 3584K, 0% used [0x00000000ec080000,0x00000000ec080000,0x00000000ec400000)
 ParOldGen       total 68608K, used 30974K [0x00000000c0000000, 0x00000000c4300000, 0x00000000eab00000)
  object space 68608K, 45% used [0x00000000c0000000,0x00000000c1e3f9a8,0x00000000c4300000)
 Metaspace       used 49081K, committed 49920K, reserved 1114112K
  class space    used 4905K, committed 5248K, reserved 1048576K
}
Event: 17.193 GC heap after
{Heap after GC invocations=26 (full 2):
 PSYoungGen      total 16896K, used 3576K [0x00000000eab00000, 0x00000000ece00000, 0x0000000100000000)
  eden space 13312K, 0% used [0x00000000eab00000,0x00000000eab00000,0x00000000eb800000)
  from space 3584K, 99% used [0x00000000ec080000,0x00000000ec3fe270,0x00000000ec400000)
  to   space 8704K, 0% used [0x00000000eb800000,0x00000000eb800000,0x00000000ec080000)
 ParOldGen       total 68608K, used 34887K [0x00000000c0000000, 0x00000000c4300000, 0x00000000eab00000)
  object space 68608K, 50% used [0x00000000c0000000,0x00000000c2211e98,0x00000000c4300000)
 Metaspace       used 49081K, committed 49920K, reserved 1114112K
  class space    used 4905K, committed 5248K, reserved 1048576K
}
Event: 17.473 GC heap before
{Heap before GC invocations=27 (full 2):
 PSYoungGen      total 16896K, used 16888K [0x00000000eab00000, 0x00000000ece00000, 0x0000000100000000)
  eden space 13312K, 100% used [0x00000000eab00000,0x00000000eb800000,0x00000000eb800000)
  from space 3584K, 99% used [0x00000000ec080000,0x00000000ec3fe270,0x00000000ec400000)
  to   space 8704K, 0% used [0x00000000eb800000,0x00000000eb800000,0x00000000ec080000)
 ParOldGen       total 68608K, used 34887K [0x00000000c0000000, 0x00000000c4300000, 0x00000000eab00000)
  object space 68608K, 50% used [0x00000000c0000000,0x00000000c2211e98,0x00000000c4300000)
 Metaspace       used 49740K, committed 50560K, reserved 1114112K
  class space    used 4954K, committed 5312K, reserved 1048576K
}
Event: 17.479 GC heap after
{Heap after GC invocations=27 (full 2):
 PSYoungGen      total 15872K, used 2074K [0x00000000eab00000, 0x00000000ec100000, 0x0000000100000000)
  eden space 13312K, 0% used [0x00000000eab00000,0x00000000eab00000,0x00000000eb800000)
  from space 2560K, 81% used [0x00000000eb800000,0x00000000eba06bb8,0x00000000eba80000)
  to   space 4096K, 0% used [0x00000000ebd00000,0x00000000ebd00000,0x00000000ec100000)
 ParOldGen       total 68608K, used 38063K [0x00000000c0000000, 0x00000000c4300000, 0x00000000eab00000)
  object space 68608K, 55% used [0x00000000c0000000,0x00000000c252be00,0x00000000c4300000)
 Metaspace       used 49740K, committed 50560K, reserved 1114112K
  class space    used 4954K, committed 5312K, reserved 1048576K
}
Event: 17.828 GC heap before
{Heap before GC invocations=28 (full 2):
 PSYoungGen      total 15872K, used 15386K [0x00000000eab00000, 0x00000000ec100000, 0x0000000100000000)
  eden space 13312K, 100% used [0x00000000eab00000,0x00000000eb800000,0x00000000eb800000)
  from space 2560K, 81% used [0x00000000eb800000,0x00000000eba06bb8,0x00000000eba80000)
  to   space 4096K, 0% used [0x00000000ebd00000,0x00000000ebd00000,0x00000000ec100000)
 ParOldGen       total 68608K, used 38063K [0x00000000c0000000, 0x00000000c4300000, 0x00000000eab00000)
  object space 68608K, 55% used [0x00000000c0000000,0x00000000c252be00,0x00000000c4300000)
 Metaspace       used 50976K, committed 51776K, reserved 1114112K
  class space    used 5033K, committed 5376K, reserved 1048576K
}
Event: 17.832 GC heap after
{Heap after GC invocations=28 (full 2):
 PSYoungGen      total 15360K, used 1794K [0x00000000eab00000, 0x00000000ebf00000, 0x0000000100000000)
  eden space 13312K, 0% used [0x00000000eab00000,0x00000000eab00000,0x00000000eb800000)
  from space 2048K, 87% used [0x00000000ebd00000,0x00000000ebec0858,0x00000000ebf00000)
  to   space 2560K, 0% used [0x00000000eba00000,0x00000000eba00000,0x00000000ebc80000)
 ParOldGen       total 68608K, used 39988K [0x00000000c0000000, 0x00000000c4300000, 0x00000000eab00000)
  object space 68608K, 58% used [0x00000000c0000000,0x00000000c270d398,0x00000000c4300000)
 Metaspace       used 50976K, committed 51776K, reserved 1114112K
  class space    used 5033K, committed 5376K, reserved 1048576K
}
Event: 19.254 GC heap before
{Heap before GC invocations=29 (full 2):
 PSYoungGen      total 15360K, used 15106K [0x00000000eab00000, 0x00000000ebf00000, 0x0000000100000000)
  eden space 13312K, 100% used [0x00000000eab00000,0x00000000eb800000,0x00000000eb800000)
  from space 2048K, 87% used [0x00000000ebd00000,0x00000000ebec0858,0x00000000ebf00000)
  to   space 2560K, 0% used [0x00000000eba00000,0x00000000eba00000,0x00000000ebc80000)
 ParOldGen       total 68608K, used 39988K [0x00000000c0000000, 0x00000000c4300000, 0x00000000eab00000)
  object space 68608K, 58% used [0x00000000c0000000,0x00000000c270d398,0x00000000c4300000)
 Metaspace       used 51370K, committed 52224K, reserved 1114112K
  class space    used 5054K, committed 5376K, reserved 1048576K
}
Event: 19.260 GC heap after
{Heap after GC invocations=29 (full 2):
 PSYoungGen      total 15872K, used 2550K [0x00000000eab00000, 0x00000000ec200000, 0x0000000100000000)
  eden space 13312K, 0% used [0x00000000eab00000,0x00000000eab00000,0x00000000eb800000)
  from space 2560K, 99% used [0x00000000eba00000,0x00000000ebc7d838,0x00000000ebc80000)
  to   space 5120K, 0% used [0x00000000ebd00000,0x00000000ebd00000,0x00000000ec200000)
 ParOldGen       total 68608K, used 41729K [0x00000000c0000000, 0x00000000c4300000, 0x00000000eab00000)
  object space 68608K, 60% used [0x00000000c0000000,0x00000000c28c04e8,0x00000000c4300000)
 Metaspace       used 51370K, committed 52224K, reserved 1114112K
  class space    used 5054K, committed 5376K, reserved 1048576K
}

