# JRE version: OpenJDK Runtime Environment Temurin-17.0.13+11 (17.0.13+11) (build 17.0.13+11)
# Java VM: OpenJDK 64-Bit Server VM Temurin-17.0.13+11 (17.0.13+11, mixed mode, tiered, compressed oops, compressed class ptrs, parallel gc, windows-amd64)
GC Precious Log:
 CPUs: 8 total, 8 available
 Memory: 7967M
 Large Page Support: Disabled
 NUMA Support: Disabled
 Compressed Oops: Enabled (32-bit)
 Alignments: Space 512K, Generation 512K, Heap 2M
 Heap Min Capacity: 100M
 Heap Initial Capacity: 100M
 Heap Max Capacity: 1G
 Pre-touch: Disabled
 Parallel Workers: 8
Heap:
 PSYoungGen      total 11264K, used 8385K [0x00000000eab00000, 0x00000000eb880000, 0x0000000100000000)
  eden space 8704K, 72% used [0x00000000eab00000,0x00000000eb1329b8,0x00000000eb380000)
  from space 2560K, 82% used [0x00000000eb600000,0x00000000eb810db8,0x00000000eb880000)
  to   space 2560K, 0% used [0x00000000eb380000,0x00000000eb380000,0x00000000eb600000)
 ParOldGen       total 95744K, used 68582K [0x00000000c0000000, 0x00000000c5d80000, 0x00000000eab00000)
  object space 95744K, 71% used [0x00000000c0000000,0x00000000c42f9a00,0x00000000c5d80000)
 Metaspace       used 65080K, committed 66112K, reserved 1114112K
  class space    used 6705K, committed 7168K, reserved 1048576K
GC Heap History (20 events):
Event: 70.528 GC heap before
{Heap before GC invocations=39 (full 3):
 PSYoungGen      total 16896K, used 15882K [0x00000000eab00000, 0x00000000ebd00000, 0x0000000100000000)
  eden space 14848K, 100% used [0x00000000eab00000,0x00000000eb980000,0x00000000eb980000)
  from space 2048K, 50% used [0x00000000eb980000,0x00000000eba82b38,0x00000000ebb80000)
  to   space 1536K, 0% used [0x00000000ebb80000,0x00000000ebb80000,0x00000000ebd00000)
 ParOldGen       total 68608K, used 50536K [0x00000000c0000000, 0x00000000c4300000, 0x00000000eab00000)
  object space 68608K, 73% used [0x00000000c0000000,0x00000000c315a2a8,0x00000000c4300000)
 Metaspace       used 60428K, committed 61504K, reserved 1114112K
  class space    used 6433K, committed 6912K, reserved 1048576K
}
Event: 70.529 GC heap after
{Heap after GC invocations=39 (full 3):
 PSYoungGen      total 15360K, used 1529K [0x00000000eab00000, 0x00000000ebf80000, 0x0000000100000000)
  eden space 13824K, 0% used [0x00000000eab00000,0x00000000eab00000,0x00000000eb880000)
  from space 1536K, 99% used [0x00000000ebb80000,0x00000000ebcfe5d0,0x00000000ebd00000)
  to   space 3072K, 0% used [0x00000000eb880000,0x00000000eb880000,0x00000000ebb80000)
 ParOldGen       total 68608K, used 51509K [0x00000000c0000000, 0x00000000c4300000, 0x00000000eab00000)
  object space 68608K, 75% used [0x00000000c0000000,0x00000000c324d5f0,0x00000000c4300000)
 Metaspace       used 60428K, committed 61504K, reserved 1114112K
  class space    used 6433K, committed 6912K, reserved 1048576K
}
Event: 70.847 GC heap before
{Heap before GC invocations=40 (full 3):
 PSYoungGen      total 15360K, used 15353K [0x00000000eab00000, 0x00000000ebf80000, 0x0000000100000000)
  eden space 13824K, 100% used [0x00000000eab00000,0x00000000eb880000,0x00000000eb880000)
  from space 1536K, 99% used [0x00000000ebb80000,0x00000000ebcfe5d0,0x00000000ebd00000)
  to   space 3072K, 0% used [0x00000000eb880000,0x00000000eb880000,0x00000000ebb80000)
 ParOldGen       total 68608K, used 51509K [0x00000000c0000000, 0x00000000c4300000, 0x00000000eab00000)
  object space 68608K, 75% used [0x00000000c0000000,0x00000000c324d5f0,0x00000000c4300000)
 Metaspace       used 60700K, committed 61824K, reserved 1114112K
  class space    used 6467K, committed 6976K, reserved 1048576K
}
Event: 70.850 GC heap after
{Heap after GC invocations=40 (full 3):
 PSYoungGen      total 16384K, used 2314K [0x00000000eab00000, 0x00000000ebd80000, 0x0000000100000000)
  eden space 13824K, 0% used [0x00000000eab00000,0x00000000eab00000,0x00000000eb880000)
  from space 2560K, 90% used [0x00000000eb880000,0x00000000ebac2a90,0x00000000ebb00000)
  to   space 2560K, 0% used [0x00000000ebb00000,0x00000000ebb00000,0x00000000ebd80000)
 ParOldGen       total 68608K, used 52835K [0x00000000c0000000, 0x00000000c4300000, 0x00000000eab00000)
  object space 68608K, 77% used [0x00000000c0000000,0x00000000c3398d30,0x00000000c4300000)
 Metaspace       used 60700K, committed 61824K, reserved 1114112K
  class space    used 6467K, committed 6976K, reserved 1048576K
}
Event: 72.632 GC heap before
{Heap before GC invocations=41 (full 3):
 PSYoungGen      total 16384K, used 16138K [0x00000000eab00000, 0x00000000ebd80000, 0x0000000100000000)
  eden space 13824K, 100% used [0x00000000eab00000,0x00000000eb880000,0x00000000eb880000)
  from space 2560K, 90% used [0x00000000eb880000,0x00000000ebac2a90,0x00000000ebb00000)
  to   space 2560K, 0% used [0x00000000ebb00000,0x00000000ebb00000,0x00000000ebd80000)
 ParOldGen       total 68608K, used 52835K [0x00000000c0000000, 0x00000000c4300000, 0x00000000eab00000)
  object space 68608K, 77% used [0x00000000c0000000,0x00000000c3398d30,0x00000000c4300000)
 Metaspace       used 61868K, committed 63040K, reserved 1114112K
  class space    used 6528K, committed 7040K, reserved 1048576K
}
Event: 72.639 GC heap after
{Heap after GC invocations=41 (full 3):
 PSYoungGen      total 13312K, used 2549K [0x00000000eab00000, 0x00000000ec380000, 0x0000000100000000)
  eden space 10752K, 0% used [0x00000000eab00000,0x00000000eab00000,0x00000000eb580000)
  from space 2560K, 99% used [0x00000000ebb00000,0x00000000ebd7d510,0x00000000ebd80000)
  to   space 5632K, 0% used [0x00000000eb580000,0x00000000eb580000,0x00000000ebb00000)
 ParOldGen       total 68608K, used 55284K [0x00000000c0000000, 0x00000000c4300000, 0x00000000eab00000)
  object space 68608K, 80% used [0x00000000c0000000,0x00000000c35fd108,0x00000000c4300000)
 Metaspace       used 61868K, committed 63040K, reserved 1114112K
  class space    used 6528K, committed 7040K, reserved 1048576K
}
Event: 72.821 GC heap before
{Heap before GC invocations=42 (full 3):
 PSYoungGen      total 13312K, used 13301K [0x00000000eab00000, 0x00000000ec380000, 0x0000000100000000)
  eden space 10752K, 100% used [0x00000000eab00000,0x00000000eb580000,0x00000000eb580000)
  from space 2560K, 99% used [0x00000000ebb00000,0x00000000ebd7d510,0x00000000ebd80000)
  to   space 5632K, 0% used [0x00000000eb580000,0x00000000eb580000,0x00000000ebb00000)
 ParOldGen       total 68608K, used 55284K [0x00000000c0000000, 0x00000000c4300000, 0x00000000eab00000)
  object space 68608K, 80% used [0x00000000c0000000,0x00000000c35fd108,0x00000000c4300000)
 Metaspace       used 61916K, committed 63104K, reserved 1114112K
  class space    used 6537K, committed 7040K, reserved 1048576K
}
Event: 72.829 GC heap after
{Heap after GC invocations=42 (full 3):
 PSYoungGen      total 13824K, used 2752K [0x00000000eab00000, 0x00000000ebc80000, 0x0000000100000000)
  eden space 10752K, 0% used [0x00000000eab00000,0x00000000eab00000,0x00000000eb580000)
  from space 3072K, 89% used [0x00000000eb580000,0x00000000eb830010,0x00000000eb880000)
  to   space 3584K, 0% used [0x00000000eb900000,0x00000000eb900000,0x00000000ebc80000)
 ParOldGen       total 68608K, used 57765K [0x00000000c0000000, 0x00000000c4300000, 0x00000000eab00000)
  object space 68608K, 84% used [0x00000000c0000000,0x00000000c3869400,0x00000000c4300000)
 Metaspace       used 61916K, committed 63104K, reserved 1114112K
  class space    used 6537K, committed 7040K, reserved 1048576K
}
Event: 73.548 GC heap before
{Heap before GC invocations=43 (full 3):
 PSYoungGen      total 13824K, used 13504K [0x00000000eab00000, 0x00000000ebc80000, 0x0000000100000000)
  eden space 10752K, 100% used [0x00000000eab00000,0x00000000eb580000,0x00000000eb580000)
  from space 3072K, 89% used [0x00000000eb580000,0x00000000eb830010,0x00000000eb880000)
  to   space 3584K, 0% used [0x00000000eb900000,0x00000000eb900000,0x00000000ebc80000)
 ParOldGen       total 68608K, used 57765K [0x00000000c0000000, 0x00000000c4300000, 0x00000000eab00000)
  object space 68608K, 84% used [0x00000000c0000000,0x00000000c3869400,0x00000000c4300000)
 Metaspace       used 62379K, committed 63488K, reserved 1114112K
  class space    used 6573K, committed 7040K, reserved 1048576K
}
Event: 73.555 GC heap after
{Heap after GC invocations=43 (full 3):
 PSYoungGen      total 12800K, used 1861K [0x00000000eab00000, 0x00000000ebb00000, 0x0000000100000000)
  eden space 10752K, 0% used [0x00000000eab00000,0x00000000eab00000,0x00000000eb580000)
  from space 2048K, 90% used [0x00000000eb900000,0x00000000ebad1768,0x00000000ebb00000)
  to   space 2560K, 0% used [0x00000000eb600000,0x00000000eb600000,0x00000000eb880000)
 ParOldGen       total 68608K, used 60400K [0x00000000c0000000, 0x00000000c4300000, 0x00000000eab00000)
  object space 68608K, 88% used [0x00000000c0000000,0x00000000c3afc1f0,0x00000000c4300000)
 Metaspace       used 62379K, committed 63488K, reserved 1114112K
  class space    used 6573K, committed 7040K, reserved 1048576K
}
Event: 74.687 GC heap before
{Heap before GC invocations=44 (full 3):
 PSYoungGen      total 12800K, used 12613K [0x00000000eab00000, 0x00000000ebb00000, 0x0000000100000000)
  eden space 10752K, 99% used [0x00000000eab00000,0x00000000eb57fe90,0x00000000eb580000)
  from space 2048K, 90% used [0x00000000eb900000,0x00000000ebad1768,0x00000000ebb00000)
  to   space 2560K, 0% used [0x00000000eb600000,0x00000000eb600000,0x00000000eb880000)
 ParOldGen       total 68608K, used 60400K [0x00000000c0000000, 0x00000000c4300000, 0x00000000eab00000)
  object space 68608K, 88% used [0x00000000c0000000,0x00000000c3afc1f0,0x00000000c4300000)
 Metaspace       used 63407K, committed 64512K, reserved 1114112K
  class space    used 6686K, committed 7168K, reserved 1048576K
}
Event: 74.690 GC heap after
{Heap after GC invocations=44 (full 3):
 PSYoungGen      total 12800K, used 1722K [0x00000000eab00000, 0x00000000eb980000, 0x0000000100000000)
  eden space 10752K, 0% used [0x00000000eab00000,0x00000000eab00000,0x00000000eb580000)
  from space 2048K, 84% used [0x00000000eb600000,0x00000000eb7ae9e0,0x00000000eb800000)
  to   space 1536K, 0% used [0x00000000eb800000,0x00000000eb800000,0x00000000eb980000)
 ParOldGen       total 68608K, used 62185K [0x00000000c0000000, 0x00000000c4300000, 0x00000000eab00000)
  object space 68608K, 90% used [0x00000000c0000000,0x00000000c3cba690,0x00000000c4300000)
 Metaspace       used 63407K, committed 64512K, reserved 1114112K
  class space    used 6686K, committed 7168K, reserved 1048576K
}
Event: 75.426 GC heap before
{Heap before GC invocations=45 (full 3):
 PSYoungGen      total 12800K, used 12474K [0x00000000eab00000, 0x00000000eb980000, 0x0000000100000000)
  eden space 10752K, 100% used [0x00000000eab00000,0x00000000eb580000,0x00000000eb580000)
  from space 2048K, 84% used [0x00000000eb600000,0x00000000eb7ae9e0,0x00000000eb800000)
  to   space 1536K, 0% used [0x00000000eb800000,0x00000000eb800000,0x00000000eb980000)
 ParOldGen       total 68608K, used 62185K [0x00000000c0000000, 0x00000000c4300000, 0x00000000eab00000)
  object space 68608K, 90% used [0x00000000c0000000,0x00000000c3cba690,0x00000000c4300000)
 Metaspace       used 63716K, committed 64832K, reserved 1114112K
  class space    used 6698K, committed 7168K, reserved 1048576K
}
Event: 75.431 GC heap after
{Heap after GC invocations=45 (full 3):
 PSYoungGen      total 10240K, used 1536K [0x00000000eab00000, 0x00000000ebe80000, 0x0000000100000000)
  eden space 8704K, 0% used [0x00000000eab00000,0x00000000eab00000,0x00000000eb380000)
  from space 1536K, 100% used [0x00000000eb800000,0x00000000eb980000,0x00000000eb980000)
  to   space 4608K, 0% used [0x00000000eb380000,0x00000000eb380000,0x00000000eb800000)
 ParOldGen       total 68608K, used 64563K [0x00000000c0000000, 0x00000000c4300000, 0x00000000eab00000)
  object space 68608K, 94% used [0x00000000c0000000,0x00000000c3f0cea8,0x00000000c4300000)
 Metaspace       used 63716K, committed 64832K, reserved 1114112K
  class space    used 6698K, committed 7168K, reserved 1048576K
}
Event: 76.217 GC heap before
{Heap before GC invocations=46 (full 3):
 PSYoungGen      total 10240K, used 10240K [0x00000000eab00000, 0x00000000ebe80000, 0x0000000100000000)
  eden space 8704K, 100% used [0x00000000eab00000,0x00000000eb380000,0x00000000eb380000)
  from space 1536K, 100% used [0x00000000eb800000,0x00000000eb980000,0x00000000eb980000)
  to   space 4608K, 0% used [0x00000000eb380000,0x00000000eb380000,0x00000000eb800000)
 ParOldGen       total 68608K, used 64563K [0x00000000c0000000, 0x00000000c4300000, 0x00000000eab00000)
  object space 68608K, 94% used [0x00000000c0000000,0x00000000c3f0cea8,0x00000000c4300000)
 Metaspace       used 64258K, committed 65344K, reserved 1114112K
  class space    used 6699K, committed 7168K, reserved 1048576K
}
Event: 76.222 GC heap after
{Heap after GC invocations=46 (full 3):
 PSYoungGen      total 10752K, used 2000K [0x00000000eab00000, 0x00000000eb980000, 0x0000000100000000)
  eden space 8704K, 0% used [0x00000000eab00000,0x00000000eab00000,0x00000000eb380000)
  from space 2048K, 97% used [0x00000000eb380000,0x00000000eb5743d8,0x00000000eb580000)
  to   space 3072K, 0% used [0x00000000eb680000,0x00000000eb680000,0x00000000eb980000)
 ParOldGen       total 68608K, used 66028K [0x00000000c0000000, 0x00000000c4300000, 0x00000000eab00000)
  object space 68608K, 96% used [0x00000000c0000000,0x00000000c407b248,0x00000000c4300000)
 Metaspace       used 64258K, committed 65344K, reserved 1114112K
  class space    used 6699K, committed 7168K, reserved 1048576K
}
Event: 76.665 GC heap before
{Heap before GC invocations=47 (full 3):
 PSYoungGen      total 10752K, used 10704K [0x00000000eab00000, 0x00000000eb980000, 0x0000000100000000)
  eden space 8704K, 100% used [0x00000000eab00000,0x00000000eb380000,0x00000000eb380000)
  from space 2048K, 97% used [0x00000000eb380000,0x00000000eb5743d8,0x00000000eb580000)
  to   space 3072K, 0% used [0x00000000eb680000,0x00000000eb680000,0x00000000eb980000)
 ParOldGen       total 68608K, used 66028K [0x00000000c0000000, 0x00000000c4300000, 0x00000000eab00000)
  object space 68608K, 96% used [0x00000000c0000000,0x00000000c407b248,0x00000000c4300000)
 Metaspace       used 64545K, committed 65600K, reserved 1114112K
  class space    used 6701K, committed 7168K, reserved 1048576K
}
Event: 76.670 GC heap after
{Heap after GC invocations=47 (full 3):
 PSYoungGen      total 11264K, used 2126K [0x00000000eab00000, 0x00000000eb900000, 0x0000000100000000)
  eden space 8704K, 0% used [0x00000000eab00000,0x00000000eab00000,0x00000000eb380000)
  from space 2560K, 83% used [0x00000000eb680000,0x00000000eb893bd8,0x00000000eb900000)
  to   space 2560K, 0% used [0x00000000eb400000,0x00000000eb400000,0x00000000eb680000)
 ParOldGen       total 68608K, used 67848K [0x00000000c0000000, 0x00000000c4300000, 0x00000000eab00000)
  object space 68608K, 98% used [0x00000000c0000000,0x00000000c4242020,0x00000000c4300000)
 Metaspace       used 64545K, committed 65600K, reserved 1114112K
  class space    used 6701K, committed 7168K, reserved 1048576K
}
Event: 77.146 GC heap before
{Heap before GC invocations=48 (full 4):
 PSYoungGen      total 11264K, used 10830K [0x00000000eab00000, 0x00000000eb900000, 0x0000000100000000)
  eden space 8704K, 100% used [0x00000000eab00000,0x00000000eb380000,0x00000000eb380000)
  from space 2560K, 83% used [0x00000000eb680000,0x00000000eb893bd8,0x00000000eb900000)
  to   space 2560K, 0% used [0x00000000eb400000,0x00000000eb400000,0x00000000eb680000)
 ParOldGen       total 68608K, used 67848K [0x00000000c0000000, 0x00000000c4300000, 0x00000000eab00000)
  object space 68608K, 98% used [0x00000000c0000000,0x00000000c4242020,0x00000000c4300000)
 Metaspace       used 64862K, committed 65920K, reserved 1114112K
  class space    used 6703K, committed 7168K, reserved 1048576K
}
Event: 77.297 GC heap after
{Heap after GC invocations=48 (full 4):
 PSYoungGen      total 9216K, used 0K [0x00000000eab00000, 0x00000000eb880000, 0x0000000100000000)
  eden space 8704K, 0% used [0x00000000eab00000,0x00000000eab00000,0x00000000eb380000)
  from space 512K, 0% used [0x00000000eb400000,0x00000000eb400000,0x00000000eb480000)
  to   space 2560K, 0% used [0x00000000eb600000,0x00000000eb600000,0x00000000eb880000)
 ParOldGen       total 95744K, used 68582K [0x00000000c0000000, 0x00000000c5d80000, 0x00000000eab00000)
  object space 95744K, 71% used [0x00000000c0000000,0x00000000c42f9a00,0x00000000c5d80000)
 Metaspace       used 64862K, committed 65920K, reserved 1114112K
  class space    used 6703K, committed 7168K, reserved 1048576K
}

