# JRE version: OpenJDK Runtime Environment Temurin-17.0.13+11 (17.0.13+11) (build 17.0.13+11)
# Java VM: OpenJDK 64-Bit Server VM Temurin-17.0.13+11 (17.0.13+11, mixed mode, tiered, compressed oops, compressed class ptrs, parallel gc, windows-amd64)
GC Precious Log:
 CPUs: 8 total, 8 available
 Memory: 7967M
 Large Page Support: Disabled
 NUMA Support: Disabled
 Compressed Oops: Enabled (32-bit)
 Alignments: Space 512K, Generation 512K, Heap 2M
 Heap Min Capacity: 100M
 Heap Initial Capacity: 100M
 Heap Max Capacity: 1G
 Pre-touch: Disabled
 Parallel Workers: 8
Heap:
 PSYoungGen      total 22016K, used 11642K [0x00000000eab00000, 0x00000000ec480000, 0x0000000100000000)
  eden space 19968K, 49% used [0x00000000eab00000,0x00000000eb4b2000,0x00000000ebe80000)
  from space 2048K, 83% used [0x00000000ec280000,0x00000000ec42c9b0,0x00000000ec480000)
  to   space 2560K, 0% used [0x00000000ebf80000,0x00000000ebf80000,0x00000000ec200000)
 ParOldGen       total 68608K, used 40947K [0x00000000c0000000, 0x00000000c4300000, 0x00000000eab00000)
  object space 68608K, 59% used [0x00000000c0000000,0x00000000c27fcd50,0x00000000c4300000)
 Metaspace       used 52116K, committed 53120K, reserved 1114112K
  class space    used 5180K, committed 5632K, reserved 1048576K
GC Heap History (20 events):
Event: 51.384 GC heap before
{Heap before GC invocations=21 (full 2):
 PSYoungGen      total 21504K, used 21504K [0x00000000eab00000, 0x00000000ec480000, 0x0000000100000000)
  eden space 20480K, 100% used [0x00000000eab00000,0x00000000ebf00000,0x00000000ebf00000)
  from space 1024K, 100% used [0x00000000ec180000,0x00000000ec280000,0x00000000ec280000)
  to   space 2560K, 0% used [0x00000000ebf00000,0x00000000ebf00000,0x00000000ec180000)
 ParOldGen       total 68608K, used 22827K [0x00000000c0000000, 0x00000000c4300000, 0x00000000eab00000)
  object space 68608K, 33% used [0x00000000c0000000,0x00000000c164ac50,0x00000000c4300000)
 Metaspace       used 46332K, committed 47296K, reserved 1114112K
  class space    used 4708K, committed 5120K, reserved 1048576K
}
Event: 51.387 GC heap after
{Heap after GC invocations=21 (full 2):
 PSYoungGen      total 20992K, used 288K [0x00000000eab00000, 0x00000000ec200000, 0x0000000100000000)
  eden space 20480K, 0% used [0x00000000eab00000,0x00000000eab00000,0x00000000ebf00000)
  from space 512K, 56% used [0x00000000ebf00000,0x00000000ebf48000,0x00000000ebf80000)
  to   space 1024K, 0% used [0x00000000ec100000,0x00000000ec100000,0x00000000ec200000)
 ParOldGen       total 68608K, used 23883K [0x00000000c0000000, 0x00000000c4300000, 0x00000000eab00000)
  object space 68608K, 34% used [0x00000000c0000000,0x00000000c1752f18,0x00000000c4300000)
 Metaspace       used 46332K, committed 47296K, reserved 1114112K
  class space    used 4708K, committed 5120K, reserved 1048576K
}
Event: 52.537 GC heap before
{Heap before GC invocations=22 (full 2):
 PSYoungGen      total 20992K, used 20768K [0x00000000eab00000, 0x00000000ec200000, 0x0000000100000000)
  eden space 20480K, 100% used [0x00000000eab00000,0x00000000ebf00000,0x00000000ebf00000)
  from space 512K, 56% used [0x00000000ebf00000,0x00000000ebf48000,0x00000000ebf80000)
  to   space 1024K, 0% used [0x00000000ec100000,0x00000000ec100000,0x00000000ec200000)
 ParOldGen       total 68608K, used 23883K [0x00000000c0000000, 0x00000000c4300000, 0x00000000eab00000)
  object space 68608K, 34% used [0x00000000c0000000,0x00000000c1752f18,0x00000000c4300000)
 Metaspace       used 46995K, committed 48000K, reserved 1114112K
  class space    used 4774K, committed 5248K, reserved 1048576K
}
Event: 52.541 GC heap after
{Heap after GC invocations=22 (full 2):
 PSYoungGen      total 21504K, used 1017K [0x00000000eab00000, 0x00000000ec200000, 0x0000000100000000)
  eden space 20480K, 0% used [0x00000000eab00000,0x00000000eab00000,0x00000000ebf00000)
  from space 1024K, 99% used [0x00000000ec100000,0x00000000ec1fe470,0x00000000ec200000)
  to   space 1536K, 0% used [0x00000000ebf00000,0x00000000ebf00000,0x00000000ec080000)
 ParOldGen       total 68608K, used 24187K [0x00000000c0000000, 0x00000000c4300000, 0x00000000eab00000)
  object space 68608K, 35% used [0x00000000c0000000,0x00000000c179efb0,0x00000000c4300000)
 Metaspace       used 46995K, committed 48000K, reserved 1114112K
  class space    used 4774K, committed 5248K, reserved 1048576K
}
Event: 52.766 GC heap before
{Heap before GC invocations=23 (full 2):
 PSYoungGen      total 21504K, used 21497K [0x00000000eab00000, 0x00000000ec200000, 0x0000000100000000)
  eden space 20480K, 100% used [0x00000000eab00000,0x00000000ebf00000,0x00000000ebf00000)
  from space 1024K, 99% used [0x00000000ec100000,0x00000000ec1fe470,0x00000000ec200000)
  to   space 1536K, 0% used [0x00000000ebf00000,0x00000000ebf00000,0x00000000ec080000)
 ParOldGen       total 68608K, used 24187K [0x00000000c0000000, 0x00000000c4300000, 0x00000000eab00000)
  object space 68608K, 35% used [0x00000000c0000000,0x00000000c179efb0,0x00000000c4300000)
 Metaspace       used 47321K, committed 48320K, reserved 1114112K
  class space    used 4791K, committed 5248K, reserved 1048576K
}
Event: 52.771 GC heap after
{Heap after GC invocations=23 (full 2):
 PSYoungGen      total 22016K, used 1504K [0x00000000eab00000, 0x00000000ec600000, 0x0000000100000000)
  eden space 20480K, 0% used [0x00000000eab00000,0x00000000eab00000,0x00000000ebf00000)
  from space 1536K, 97% used [0x00000000ebf00000,0x00000000ec078020,0x00000000ec080000)
  to   space 3584K, 0% used [0x00000000ec280000,0x00000000ec280000,0x00000000ec600000)
 ParOldGen       total 68608K, used 25588K [0x00000000c0000000, 0x00000000c4300000, 0x00000000eab00000)
  object space 68608K, 37% used [0x00000000c0000000,0x00000000c18fd160,0x00000000c4300000)
 Metaspace       used 47321K, committed 48320K, reserved 1114112K
  class space    used 4791K, committed 5248K, reserved 1048576K
}
Event: 52.852 GC heap before
{Heap before GC invocations=24 (full 2):
 PSYoungGen      total 22016K, used 21984K [0x00000000eab00000, 0x00000000ec600000, 0x0000000100000000)
  eden space 20480K, 100% used [0x00000000eab00000,0x00000000ebf00000,0x00000000ebf00000)
  from space 1536K, 97% used [0x00000000ebf00000,0x00000000ec078020,0x00000000ec080000)
  to   space 3584K, 0% used [0x00000000ec280000,0x00000000ec280000,0x00000000ec600000)
 ParOldGen       total 68608K, used 25588K [0x00000000c0000000, 0x00000000c4300000, 0x00000000eab00000)
  object space 68608K, 37% used [0x00000000c0000000,0x00000000c18fd160,0x00000000c4300000)
 Metaspace       used 47520K, committed 48640K, reserved 1114112K
  class space    used 4805K, committed 5312K, reserved 1048576K
}
Event: 52.862 GC heap after
{Heap after GC invocations=24 (full 2):
 PSYoungGen      total 23040K, used 2272K [0x00000000eab00000, 0x00000000ec500000, 0x0000000100000000)
  eden space 20480K, 0% used [0x00000000eab00000,0x00000000eab00000,0x00000000ebf00000)
  from space 2560K, 88% used [0x00000000ec280000,0x00000000ec4b8030,0x00000000ec500000)
  to   space 2560K, 0% used [0x00000000ec000000,0x00000000ec000000,0x00000000ec280000)
 ParOldGen       total 68608K, used 27120K [0x00000000c0000000, 0x00000000c4300000, 0x00000000eab00000)
  object space 68608K, 39% used [0x00000000c0000000,0x00000000c1a7c238,0x00000000c4300000)
 Metaspace       used 47520K, committed 48640K, reserved 1114112K
  class space    used 4805K, committed 5312K, reserved 1048576K
}
Event: 52.956 GC heap before
{Heap before GC invocations=25 (full 2):
 PSYoungGen      total 23040K, used 22752K [0x00000000eab00000, 0x00000000ec500000, 0x0000000100000000)
  eden space 20480K, 100% used [0x00000000eab00000,0x00000000ebf00000,0x00000000ebf00000)
  from space 2560K, 88% used [0x00000000ec280000,0x00000000ec4b8030,0x00000000ec500000)
  to   space 2560K, 0% used [0x00000000ec000000,0x00000000ec000000,0x00000000ec280000)
 ParOldGen       total 68608K, used 27120K [0x00000000c0000000, 0x00000000c4300000, 0x00000000eab00000)
  object space 68608K, 39% used [0x00000000c0000000,0x00000000c1a7c238,0x00000000c4300000)
 Metaspace       used 47575K, committed 48640K, reserved 1114112K
  class space    used 4814K, committed 5312K, reserved 1048576K
}
Event: 52.960 GC heap after
{Heap after GC invocations=25 (full 2):
 PSYoungGen      total 22528K, used 1632K [0x00000000eab00000, 0x00000000ec300000, 0x0000000100000000)
  eden space 20480K, 0% used [0x00000000eab00000,0x00000000eab00000,0x00000000ebf00000)
  from space 2048K, 79% used [0x00000000ec000000,0x00000000ec198020,0x00000000ec200000)
  to   space 1024K, 0% used [0x00000000ec200000,0x00000000ec200000,0x00000000ec300000)
 ParOldGen       total 68608K, used 29285K [0x00000000c0000000, 0x00000000c4300000, 0x00000000eab00000)
  object space 68608K, 42% used [0x00000000c0000000,0x00000000c1c99508,0x00000000c4300000)
 Metaspace       used 47575K, committed 48640K, reserved 1114112K
  class space    used 4814K, committed 5312K, reserved 1048576K
}
Event: 53.215 GC heap before
{Heap before GC invocations=26 (full 2):
 PSYoungGen      total 22528K, used 22112K [0x00000000eab00000, 0x00000000ec300000, 0x0000000100000000)
  eden space 20480K, 100% used [0x00000000eab00000,0x00000000ebf00000,0x00000000ebf00000)
  from space 2048K, 79% used [0x00000000ec000000,0x00000000ec198020,0x00000000ec200000)
  to   space 1024K, 0% used [0x00000000ec200000,0x00000000ec200000,0x00000000ec300000)
 ParOldGen       total 68608K, used 29285K [0x00000000c0000000, 0x00000000c4300000, 0x00000000eab00000)
  object space 68608K, 42% used [0x00000000c0000000,0x00000000c1c99508,0x00000000c4300000)
 Metaspace       used 47939K, committed 48960K, reserved 1114112K
  class space    used 4835K, committed 5312K, reserved 1048576K
}
Event: 53.220 GC heap after
{Heap after GC invocations=26 (full 2):
 PSYoungGen      total 20992K, used 1012K [0x00000000eab00000, 0x00000000ec600000, 0x0000000100000000)
  eden space 19968K, 0% used [0x00000000eab00000,0x00000000eab00000,0x00000000ebe80000)
  from space 1024K, 98% used [0x00000000ec200000,0x00000000ec2fd3a8,0x00000000ec300000)
  to   space 3584K, 0% used [0x00000000ebe80000,0x00000000ebe80000,0x00000000ec200000)
 ParOldGen       total 68608K, used 31555K [0x00000000c0000000, 0x00000000c4300000, 0x00000000eab00000)
  object space 68608K, 45% used [0x00000000c0000000,0x00000000c1ed0cd0,0x00000000c4300000)
 Metaspace       used 47939K, committed 48960K, reserved 1114112K
  class space    used 4835K, committed 5312K, reserved 1048576K
}
Event: 53.706 GC heap before
{Heap before GC invocations=27 (full 2):
 PSYoungGen      total 20992K, used 20980K [0x00000000eab00000, 0x00000000ec600000, 0x0000000100000000)
  eden space 19968K, 100% used [0x00000000eab00000,0x00000000ebe80000,0x00000000ebe80000)
  from space 1024K, 98% used [0x00000000ec200000,0x00000000ec2fd3a8,0x00000000ec300000)
  to   space 3584K, 0% used [0x00000000ebe80000,0x00000000ebe80000,0x00000000ec200000)
 ParOldGen       total 68608K, used 31555K [0x00000000c0000000, 0x00000000c4300000, 0x00000000eab00000)
  object space 68608K, 45% used [0x00000000c0000000,0x00000000c1ed0cd0,0x00000000c4300000)
 Metaspace       used 49376K, committed 50368K, reserved 1114112K
  class space    used 4999K, committed 5440K, reserved 1048576K
}
Event: 53.720 GC heap after
{Heap after GC invocations=27 (full 2):
 PSYoungGen      total 23552K, used 3556K [0x00000000eab00000, 0x00000000ec880000, 0x0000000100000000)
  eden space 19968K, 0% used [0x00000000eab00000,0x00000000eab00000,0x00000000ebe80000)
  from space 3584K, 99% used [0x00000000ebe80000,0x00000000ec1f93c0,0x00000000ec200000)
  to   space 5120K, 0% used [0x00000000ec380000,0x00000000ec380000,0x00000000ec880000)
 ParOldGen       total 68608K, used 32569K [0x00000000c0000000, 0x00000000c4300000, 0x00000000eab00000)
  object space 68608K, 47% used [0x00000000c0000000,0x00000000c1fce510,0x00000000c4300000)
 Metaspace       used 49376K, committed 50368K, reserved 1114112K
  class space    used 4999K, committed 5440K, reserved 1048576K
}
Event: 54.373 GC heap before
{Heap before GC invocations=28 (full 2):
 PSYoungGen      total 23552K, used 23524K [0x00000000eab00000, 0x00000000ec880000, 0x0000000100000000)
  eden space 19968K, 100% used [0x00000000eab00000,0x00000000ebe80000,0x00000000ebe80000)
  from space 3584K, 99% used [0x00000000ebe80000,0x00000000ec1f93c0,0x00000000ec200000)
  to   space 5120K, 0% used [0x00000000ec380000,0x00000000ec380000,0x00000000ec880000)
 ParOldGen       total 68608K, used 32569K [0x00000000c0000000, 0x00000000c4300000, 0x00000000eab00000)
  object space 68608K, 47% used [0x00000000c0000000,0x00000000c1fce510,0x00000000c4300000)
 Metaspace       used 50094K, committed 51136K, reserved 1114112K
  class space    used 5048K, committed 5504K, reserved 1048576K
}
Event: 54.385 GC heap after
{Heap after GC invocations=28 (full 2):
 PSYoungGen      total 24576K, used 4209K [0x00000000eab00000, 0x00000000ec800000, 0x0000000100000000)
  eden space 19968K, 0% used [0x00000000eab00000,0x00000000eab00000,0x00000000ebe80000)
  from space 4608K, 91% used [0x00000000ec380000,0x00000000ec79c478,0x00000000ec800000)
  to   space 4608K, 0% used [0x00000000ebf00000,0x00000000ebf00000,0x00000000ec380000)
 ParOldGen       total 68608K, used 35582K [0x00000000c0000000, 0x00000000c4300000, 0x00000000eab00000)
  object space 68608K, 51% used [0x00000000c0000000,0x00000000c22bfa30,0x00000000c4300000)
 Metaspace       used 50094K, committed 51136K, reserved 1114112K
  class space    used 5048K, committed 5504K, reserved 1048576K
}
Event: 54.969 GC heap before
{Heap before GC invocations=29 (full 2):
 PSYoungGen      total 24576K, used 24177K [0x00000000eab00000, 0x00000000ec800000, 0x0000000100000000)
  eden space 19968K, 100% used [0x00000000eab00000,0x00000000ebe80000,0x00000000ebe80000)
  from space 4608K, 91% used [0x00000000ec380000,0x00000000ec79c478,0x00000000ec800000)
  to   space 4608K, 0% used [0x00000000ebf00000,0x00000000ebf00000,0x00000000ec380000)
 ParOldGen       total 68608K, used 35582K [0x00000000c0000000, 0x00000000c4300000, 0x00000000eab00000)
  object space 68608K, 51% used [0x00000000c0000000,0x00000000c22bfa30,0x00000000c4300000)
 Metaspace       used 50912K, committed 51968K, reserved 1114112K
  class space    used 5099K, committed 5568K, reserved 1048576K
}
Event: 54.977 GC heap after
{Heap after GC invocations=29 (full 2):
 PSYoungGen      total 23552K, used 3329K [0x00000000eab00000, 0x00000000ec680000, 0x0000000100000000)
  eden space 19968K, 0% used [0x00000000eab00000,0x00000000eab00000,0x00000000ebe80000)
  from space 3584K, 92% used [0x00000000ebf00000,0x00000000ec2405d0,0x00000000ec280000)
  to   space 4096K, 0% used [0x00000000ec280000,0x00000000ec280000,0x00000000ec680000)
 ParOldGen       total 68608K, used 38798K [0x00000000c0000000, 0x00000000c4300000, 0x00000000eab00000)
  object space 68608K, 56% used [0x00000000c0000000,0x00000000c25e3950,0x00000000c4300000)
 Metaspace       used 50912K, committed 51968K, reserved 1114112K
  class space    used 5099K, committed 5568K, reserved 1048576K
}
Event: 55.779 GC heap before
{Heap before GC invocations=30 (full 2):
 PSYoungGen      total 23552K, used 23297K [0x00000000eab00000, 0x00000000ec680000, 0x0000000100000000)
  eden space 19968K, 100% used [0x00000000eab00000,0x00000000ebe80000,0x00000000ebe80000)
  from space 3584K, 92% used [0x00000000ebf00000,0x00000000ec2405d0,0x00000000ec280000)
  to   space 4096K, 0% used [0x00000000ec280000,0x00000000ec280000,0x00000000ec680000)
 ParOldGen       total 68608K, used 38798K [0x00000000c0000000, 0x00000000c4300000, 0x00000000eab00000)
  object space 68608K, 56% used [0x00000000c0000000,0x00000000c25e3950,0x00000000c4300000)
 Metaspace       used 51689K, committed 52736K, reserved 1114112K
  class space    used 5144K, committed 5632K, reserved 1048576K
}
Event: 55.784 GC heap after
{Heap after GC invocations=30 (full 2):
 PSYoungGen      total 22016K, used 1714K [0x00000000eab00000, 0x00000000ec480000, 0x0000000100000000)
  eden space 19968K, 0% used [0x00000000eab00000,0x00000000eab00000,0x00000000ebe80000)
  from space 2048K, 83% used [0x00000000ec280000,0x00000000ec42c9b0,0x00000000ec480000)
  to   space 2560K, 0% used [0x00000000ebf80000,0x00000000ebf80000,0x00000000ec200000)
 ParOldGen       total 68608K, used 40947K [0x00000000c0000000, 0x00000000c4300000, 0x00000000eab00000)
  object space 68608K, 59% used [0x00000000c0000000,0x00000000c27fcd50,0x00000000c4300000)
 Metaspace       used 51689K, committed 52736K, reserved 1114112K
  class space    used 5144K, committed 5632K, reserved 1048576K
}

